Projeto/app/build/outputs/mapping/release/configuration.txt
# The proguard configuration file for the following section is Android Gradle plugin 9.2.1 (extracted file: C:\Users\Guilherme Carvalho\Desktop\University\Mestrado\1º Ano\2º Semestre\Programação Avançada de Dispositivos Móveis\02_Projeto\D12DiceRoller\app\build\intermediates\default_proguard_files\global\proguard-android-optimize.txt-9.2.1)
# This is a configuration file for ProGuard.
# http://proguard.sourceforge.net/index.html#manual/usage.html
#
# Starting with version 2.2 of the Android plugin for Gradle, this file is distributed together with
# the plugin and unpacked at build-time. The files in $ANDROID_HOME are no longer maintained and
# will be ignored by new version of the Android plugin for Gradle.

# Optimizations: If you don't want to optimize, use the proguard-android.txt configuration file
# instead of this one, which turns off the optimization flags.
-allowaccessmodification

# Preserve some attributes that may be required for reflection.
-keepattributes AnnotationDefault,
                EnclosingMethod,
                InnerClasses,
                RuntimeVisibleAnnotations,
                RuntimeVisibleParameterAnnotations,
                RuntimeVisibleTypeAnnotations,
                Signature

-keep public class com.google.vending.licensing.ILicensingService
-keep public class com.android.vending.licensing.ILicensingService
-keep public class com.google.android.vending.licensing.ILicensingService
-dontnote com.android.vending.licensing.ILicensingService
-dontnote com.google.vending.licensing.ILicensingService
-dontnote com.google.android.vending.licensing.ILicensingService

# For native methods, see https://www.guardsquare.com/manual/configuration/examples#native
-keepclasseswithmembernames,includedescriptorclasses class * {
    native <methods>;
}

# Keep setters in Views so that animations can still work.
-keepclassmembers public class * extends android.view.View {
    void set*(***);
    *** get*();
}

# We want to keep methods in Activity that could be used in the XML attribute onClick.
-keepclassmembers class * extends android.app.Activity {
    public void *(android.view.View);
}

# For enumeration classes, see https://www.guardsquare.com/manual/configuration/examples#enumerations
-keepclassmembers enum * {
    public static **[] values();
    public static ** valueOf(java.lang.String);
}

-keepclassmembers class * implements android.os.Parcelable {
    public static final ** CREATOR;
}

# Preserve annotated Javascript interface methods.
-keepclassmembers class * {
    @android.webkit.JavascriptInterface <methods>;
}

# The support libraries contains references to newer platform versions.
# Don't warn about those in case this app is linking against an older
# platform version. We know about them, and they are safe.
-dontnote android.support.**
-dontnote androidx.**
-dontwarn android.support.**
-dontwarn androidx.**

# Understand the @Keep support annotation.
-keep class android.support.annotation.Keep

-keep @android.support.annotation.Keep class * {*;}

-keepclasseswithmembers class * {
    @android.support.annotation.Keep <methods>;
}

-keepclasseswithmembers class * {
    @android.support.annotation.Keep <fields>;
}

-keepclasseswithmembers class * {
    @android.support.annotation.Keep <init>(...);
}

# These classes are duplicated between android.jar and org.apache.http.legacy.jar.
-dontnote org.apache.http.**
-dontnote android.net.http.**

# These classes are duplicated between android.jar and core-lambda-stubs.jar.
-dontnote java.lang.invoke.**

# End of content from Android Gradle plugin 9.2.1 (extracted file: C:\Users\Guilherme Carvalho\Desktop\University\Mestrado\1º Ano\2º Semestre\Programação Avançada de Dispositivos Móveis\02_Projeto\D12DiceRoller\app\build\intermediates\default_proguard_files\global\proguard-android-optimize.txt-9.2.1)
# The proguard configuration file for the following section is D12DiceRoller\app\proguard-rules.pro
# Add project specific ProGuard rules here.

# End of content from D12DiceRoller\app\proguard-rules.pro
# The proguard configuration file for the following section is androidx.compose.material3:material3-android:1.4.0 (extracted file: C:\Users\Guilherme Carvalho\.gradle\caches\9.5.1\transforms\82f9abd985d38ee9a0a517e0a6e1a5ea\transformed\material3\proguard.txt)
# Intentionally empty proguard rules to indicate this library is safe to shrink

# End of content from androidx.compose.material3:material3-android:1.4.0 (extracted file: C:\Users\Guilherme Carvalho\.gradle\caches\9.5.1\transforms\82f9abd985d38ee9a0a517e0a6e1a5ea\transformed\material3\proguard.txt)
# The proguard configuration file for the following section is androidx.compose.animation:animation-core-android:1.11.1 (extracted file: C:\Users\Guilherme Carvalho\.gradle\caches\9.5.1\transforms\5313101b45efca6d8462ba3a98331ea0\transformed\animation-core\proguard.txt)
# Copyright (C) 2020 The Android Open Source Project
#
# Licensed under the Apache License, Version 2.0 (the "License");
# you may not use this file except in compliance with the License.
# You may obtain a copy of the License at
#
#      http://www.apache.org/licenses/LICENSE-2.0
#
# Unless required by applicable law or agreed to in writing, software
# distributed under the License is distributed on an "AS IS" BASIS,
# WITHOUT WARRANTIES OR CONDITIONS OF ANY KIND, either express or implied.
# See the License for the specific language governing permissions and
# limitations under the License.

# Keep all the functions created to throw an exception. We don't want these functions to be
# inlined in any way, which R8 will do by default. The whole point of these functions is to
# reduce the amount of code generated at the call site.
-keepclassmembers,allowshrinking,allowobfuscation class androidx.compose.**.* {
    static void throw*Exception(...);
    static void throw*ExceptionForNullCheck(...);
    # For methods returning Nothing
    static java.lang.Void throw*Exception(...);
    static java.lang.Void throw*ExceptionForNullCheck(...);
}

# End of content from androidx.compose.animation:animation-core-android:1.11.1 (extracted file: C:\Users\Guilherme Carvalho\.gradle\caches\9.5.1\transforms\5313101b45efca6d8462ba3a98331ea0\transformed\animation-core\proguard.txt)
# The proguard configuration file for the following section is androidx.compose.animation:animation-android:1.11.1 (extracted file: C:\Users\Guilherme Carvalho\.gradle\caches\9.5.1\transforms\9f8730842543dd1a9a062eb339d16acd\transformed\animation\proguard.txt)
-assumevalues class androidx.compose.animation.IsLookaheadAnimationVisualDebuggingEnabledKt {
    boolean isLookaheadAnimationVisualDebuggingEnabled return false;
}

-assumenosideeffects class * {
    static androidx.compose.animation.LookaheadAnimationVisualDebugConfig *(...) return null;
}

-assumenosideeffects class androidx.compose.animation.LookaheadAnimationVisualDebugHelperKt {
    public static void LookaheadAnimationVisualDebugging(...);
}
# End of content from androidx.compose.animation:animation-android:1.11.1 (extracted file: C:\Users\Guilherme Carvalho\.gradle\caches\9.5.1\transforms\9f8730842543dd1a9a062eb339d16acd\transformed\animation\proguard.txt)
# The proguard configuration file for the following section is androidx.compose.foundation:foundation-layout-android:1.11.1 (extracted file: C:\Users\Guilherme Carvalho\.gradle\caches\9.5.1\transforms\2f926c69fb00b51d39c8d11636d1d8b4\transformed\foundation-layout\proguard.txt)
# Copyright (C) 2020 The Android Open Source Project
#
# Licensed under the Apache License, Version 2.0 (the "License");
# you may not use this file except in compliance with the License.
# You may obtain a copy of the License at
#
#      http://www.apache.org/licenses/LICENSE-2.0
#
# Unless required by applicable law or agreed to in writing, software
# distributed under the License is distributed on an "AS IS" BASIS,
# WITHOUT WARRANTIES OR CONDITIONS OF ANY KIND, either express or implied.
# See the License for the specific language governing permissions and
# limitations under the License.

# Keep all the functions created to throw an exception. We don't want these functions to be
# inlined in any way, which R8 will do by default. The whole point of these functions is to
# reduce the amount of code generated at the call site.
-keepclassmembers,allowshrinking,allowobfuscation class androidx.compose.**.* {
    static void throw*Exception(...);
    static void throw*ExceptionForNullCheck(...);
    # For methods returning Nothing
    static java.lang.Void throw*Exception(...);
    static java.lang.Void throw*ExceptionForNullCheck(...);
}

# End of content from androidx.compose.foundation:foundation-layout-android:1.11.1 (extracted file: C:\Users\Guilherme Carvalho\.gradle\caches\9.5.1\transforms\2f926c69fb00b51d39c8d11636d1d8b4\transformed\foundation-layout\proguard.txt)
# The proguard configuration file for the following section is androidx.compose.foundation:foundation-android:1.11.1 (extracted file: C:\Users\Guilherme Carvalho\.gradle\caches\9.5.1\transforms\626c2b3aeb366cfad52dd7ec0c55b03c\transformed\foundation\proguard.txt)
# Copyright (C) 2020 The Android Open Source Project
#
# Licensed under the Apache License, Version 2.0 (the "License");
# you may not use this file except in compliance with the License.
# You may obtain a copy of the License at
#
#      http://www.apache.org/licenses/LICENSE-2.0
#
# Unless required by applicable law or agreed to in writing, software
# distributed under the License is distributed on an "AS IS" BASIS,
# WITHOUT WARRANTIES OR CONDITIONS OF ANY KIND, either express or implied.
# See the License for the specific language governing permissions and
# limitations under the License.

# Keep all the functions created to throw an exception. We don't want these functions to be
# inlined in any way, which R8 will do by default. The whole point of these functions is to
# reduce the amount of code generated at the call site.
-keepclassmembers,allowshrinking,allowobfuscation class androidx.compose.**.* {
    static void throw*Exception(...);
    # For methods returning Nothing
    static java.lang.Void throw*Exception(...);
}


# End of content from androidx.compose.foundation:foundation-android:1.11.1 (extracted file: C:\Users\Guilherme Carvalho\.gradle\caches\9.5.1\transforms\626c2b3aeb366cfad52dd7ec0c55b03c\transformed\foundation\proguard.txt)
# The proguard configuration file for the following section is androidx.compose.ui:ui-unit-android:1.11.1 (extracted file: C:\Users\Guilherme Carvalho\.gradle\caches\9.5.1\transforms\d7168b0440846b5899b7fc6de0283041\transformed\ui-unit\proguard.txt)
# Copyright (C) 2020 The Android Open Source Project
#
# Licensed under the Apache License, Version 2.0 (the "License");
# you may not use this file except in compliance with the License.
# You may obtain a copy of the License at
#
#      http://www.apache.org/licenses/LICENSE-2.0
#
# Unless required by applicable law or agreed to in writing, software
# distributed under the License is distributed on an "AS IS" BASIS,
# WITHOUT WARRANTIES OR CONDITIONS OF ANY KIND, either express or implied.
# See the License for the specific language governing permissions and
# limitations under the License.

# Keep all the functions created to throw an exception. We don't want these functions to be
# inlined in any way, which R8 will do by default. The whole point of these functions is to
# reduce the amount of code generated at the call site.
-keepclassmembers,allowshrinking,allowobfuscation class androidx.compose.**.* {
    static void throw*Exception(...);
    static void throw*ExceptionForNullCheck(...);
    # For methods returning Nothing
    static java.lang.Void throw*Exception(...);
    static java.lang.Void throw*ExceptionForNullCheck(...);
}

# End of content from androidx.compose.ui:ui-unit-android:1.11.1 (extracted file: C:\Users\Guilherme Carvalho\.gradle\caches\9.5.1\transforms\d7168b0440846b5899b7fc6de0283041\transformed\ui-unit\proguard.txt)
# The proguard configuration file for the following section is androidx.compose.ui:ui-util-android:1.11.1 (extracted file: C:\Users\Guilherme Carvalho\.gradle\caches\9.5.1\transforms\adacf7a99182ba7ef1a5b4a900f2802a\transformed\ui-util\proguard.txt)
# Copyright (C) 2020 The Android Open Source Project
#
# Licensed under the Apache License, Version 2.0 (the "License");
# you may not use this file except in compliance with the License.
# You may obtain a copy of the License at
#
#      http://www.apache.org/licenses/LICENSE-2.0
#
# Unless required by applicable law or agreed to in writing, software
# distributed under the License is distributed on an "AS IS" BASIS,
# WITHOUT WARRANTIES OR CONDITIONS OF ANY KIND, either express or implied.
# See the License for the specific language governing permissions and
# limitations under the License.

# Keep all the functions created to throw an exception. We don't want these functions to be
# inlined in any way, which R8 will do by default. The whole point of these functions is to
# reduce the amount of code generated at the call site.
-keepclassmembers,allowshrinking,allowobfuscation class androidx.compose.**.* {
    static void throw*Exception(...);
    static void throw*ExceptionForNullCheck(...);
    # For methods returning Nothing
    static java.lang.Void throw*Exception(...);
    static java.lang.Void throw*ExceptionForNullCheck(...);
}

# End of content from androidx.compose.ui:ui-util-android:1.11.1 (extracted file: C:\Users\Guilherme Carvalho\.gradle\caches\9.5.1\transforms\adacf7a99182ba7ef1a5b4a900f2802a\transformed\ui-util\proguard.txt)
# The proguard configuration file for the following section is androidx.compose.ui:ui-text-android:1.11.1 (extracted file: C:\Users\Guilherme Carvalho\.gradle\caches\9.5.1\transforms\a0db32bce5fe6ded2d5a085c9ca3171f\transformed\ui-text\proguard.txt)
# Copyright (C) 2020 The Android Open Source Project
#
# Licensed under the Apache License, Version 2.0 (the "License");
# you may not use this file except in compliance with the License.
# You may obtain a copy of the License at
#
#      http://www.apache.org/licenses/LICENSE-2.0
#
# Unless required by applicable law or agreed to in writing, software
# distributed under the License is distributed on an "AS IS" BASIS,
# WITHOUT WARRANTIES OR CONDITIONS OF ANY KIND, either express or implied.
# See the License for the specific language governing permissions and
# limitations under the License.

# Keep all the functions created to throw an exception. We don't want these functions to be
# inlined in any way, which R8 will do by default. The whole point of these functions is to
# reduce the amount of code generated at the call site.
-keepclassmembers,allowshrinking,allowobfuscation class androidx.compose.**.* {
    static void throw*Exception(...);
    static void throw*ExceptionForNullCheck(...);
    # For methods returning Nothing
    static java.lang.Void throw*Exception(...);
    static java.lang.Void throw*ExceptionForNullCheck(...);
}

# End of content from androidx.compose.ui:ui-text-android:1.11.1 (extracted file: C:\Users\Guilherme Carvalho\.gradle\caches\9.5.1\transforms\a0db32bce5fe6ded2d5a085c9ca3171f\transformed\ui-text\proguard.txt)
# The proguard configuration file for the following section is androidx.compose.ui:ui-graphics-android:1.11.1 (extracted file: C:\Users\Guilherme Carvalho\.gradle\caches\9.5.1\transforms\e5febb175e1477a86307097b432c3e14\transformed\ui-graphics\proguard.txt)
# Copyright (C) 2020 The Android Open Source Project
#
# Licensed under the Apache License, Version 2.0 (the "License");
# you may not use this file except in compliance with the License.
# You may obtain a copy of the License at
#
#      http://www.apache.org/licenses/LICENSE-2.0
#
# Unless required by applicable law or agreed to in writing, software
# distributed under the License is distributed on an "AS IS" BASIS,
# WITHOUT WARRANTIES OR CONDITIONS OF ANY KIND, either express or implied.
# See the License for the specific language governing permissions and
# limitations under the License.

# Keep all the functions created to throw an exception. We don't want these functions to be
# inlined in any way, which R8 will do by default. The whole point of these functions is to
# reduce the amount of code generated at the call site.
-keepclassmembers,allowshrinking,allowobfuscation class androidx.compose.**.* {
    static void throw*Exception(...);
    static void throw*ExceptionForNullCheck(...);
    # For methods returning Nothing
    static java.lang.Void throw*Exception(...);
    static java.lang.Void throw*ExceptionForNullCheck(...);
}
-keepclassmembers class androidx.compose.ui.graphics.layer.view.ViewLayerContainer {
    protected void dispatchGetDisplayList();
}
-keepclassmembers class androidx.compose.ui.graphics.layer.view.PlaceholderHardwareCanvas {
    public int drawRenderNode(...);
    public boolean isHardwareAccelerated();
}

# End of content from androidx.compose.ui:ui-graphics-android:1.11.1 (extracted file: C:\Users\Guilherme Carvalho\.gradle\caches\9.5.1\transforms\e5febb175e1477a86307097b432c3e14\transformed\ui-graphics\proguard.txt)
# The proguard configuration file for the following section is androidx.navigationevent:navigationevent-android:1.0.0 (extracted file: C:\Users\Guilherme Carvalho\.gradle\caches\9.5.1\transforms\7abe4450da14046703fe3aca7de29b8d\transformed\navigationevent\proguard.txt)
# Intentionally empty proguard rules to indicate this library is safe to shrink

# End of content from androidx.navigationevent:navigationevent-android:1.0.0 (extracted file: C:\Users\Guilherme Carvalho\.gradle\caches\9.5.1\transforms\7abe4450da14046703fe3aca7de29b8d\transformed\navigationevent\proguard.txt)
# The proguard configuration file for the following section is androidx.navigationevent:navigationevent-compose-android:1.0.0 (extracted file: C:\Users\Guilherme Carvalho\.gradle\caches\9.5.1\transforms\dcaf4fd1afe028b648a169f3f557885e\transformed\navigationevent-compose\proguard.txt)
# Intentionally empty proguard rules to indicate this library is safe to shrink

# End of content from androidx.navigationevent:navigationevent-compose-android:1.0.0 (extracted file: C:\Users\Guilherme Carvalho\.gradle\caches\9.5.1\transforms\dcaf4fd1afe028b648a169f3f557885e\transformed\navigationevent-compose\proguard.txt)
# The proguard configuration file for the following section is androidx.compose.ui:ui-android:1.11.1 (extracted file: C:\Users\Guilherme Carvalho\.gradle\caches\9.5.1\transforms\207017fa27aae7c3098755e8123f3fea\transformed\ui\proguard.txt)
# Copyright (C) 2020 The Android Open Source Project
#
# Licensed under the Apache License, Version 2.0 (the "License");
# you may not use this file except in compliance with the License.
# You may obtain a copy of the License at
#
#      http://www.apache.org/licenses/LICENSE-2.0
#
# Unless required by applicable law or agreed to in writing, software
# distributed under the License is distributed on an "AS IS" BASIS,
# WITHOUT WARRANTIES OR CONDITIONS OF ANY KIND, either express or implied.
# See the License for the specific language governing permissions and
# limitations under the License.

# We supply these as stubs and are able to link to them at runtime
# because they are hidden public classes in Android. We don't want
# R8 to complain about them not being there during optimization.
-dontwarn android.view.RenderNode
-dontwarn android.view.DisplayListCanvas
-dontwarn android.view.HardwareCanvas

-keepclassmembers class androidx.compose.ui.platform.ViewLayerContainer {
    protected void dispatchGetDisplayList();
}

-keepclassmembers class androidx.compose.ui.platform.AndroidComposeView {
    android.view.View findViewByAccessibilityIdTraversal(int);
}

# Users can create Modifier.Node instances that implement multiple Modifier.Node interfaces,
# so we cannot tell whether two modifier.node instances are of the same type without using