Projeto/app/build/outputs/mapping/release/seeds.txt
com.padm.d12x2.MainActivity
com.padm.d12x2.MainActivity: MainActivity()
...
androidx.core.view.WindowInsetsCompat$Impl20: androidx.core.graphics.Insets getRootStableInsets()
androidx.core.view.WindowInsetsCompat$Impl28: WindowInsetsCompat$Impl28(androidx.core.view.WindowInsetsCompat,androidx.core.view.WindowInsetsCompat$Impl28)
androidx.compose.foundation.gestures.Orientation: androidx.compose.foundation.gestures.Orientation valueOf(java.lang.String)
androidx.compose.ui.text.AnnotationType: androidx.compose.ui.text.AnnotationType[] values()
androidx.compose.ui.platform.TextToolbarStatus: androidx.compose.ui.platform.TextToolbarStatus valueOf(java.lang.String)
androidx.compose.runtime.collection.MutableVectorKt: void throwListIndexOutOfBoundsException(int,int)
androidx.core.view.WindowInsetsCompat$Impl31: WindowInsetsCompat$Impl31(androidx.core.view.WindowInsetsCompat,androidx.core.view.WindowInsetsCompat$Impl31)
androidx.core.app.CoreComponentFactory: CoreComponentFactory()
androidx.compose.runtime.ComposerKt: void composeImmediateRuntimeError(java.lang.String)
androidx.core.view.WindowInsetsCompat$Impl20: void setTypeMaxBoundingRectsMap(android.graphics.Rect[][])
androidx.compose.ui.node.LayoutNode$LayoutState: androidx.compose.ui.node.LayoutNode$LayoutState[] values()
androidx.compose.runtime.collection.MutableVectorKt: void throwOutOfRangeException(int,int)
androidx.core.view.WindowInsetsCompat$BuilderImpl29: void setSystemGestureInsets(androidx.core.graphics.Insets)
androidx.compose.ui.platform.AndroidComposeView: boolean getDerivedIsAttached()
kotlinx.coroutines.flow.SharingCommand: kotlinx.coroutines.flow.SharingCommand[] values()
androidx.compose.ui.platform.AndroidComposeView: void setLastMatrixRecalculationAnimationTime$ui(long)
androidx.lifecycle.EmptyActivityLifecycleCallbacks: void onActivityStopped(android.app.Activity)
androidx.compose.ui.platform.AndroidComposeView: androidx.compose.ui.platform.TextToolbar getTextToolbar()
androidx.compose.ui.platform.AndroidComposeView: androidx.compose.ui.platform.Clipboard getClipboard()
androidx.core.view.WindowInsetsCompat$BuilderImpl20: void setSystemWindowInsets(androidx.core.graphics.Insets)
androidx.core.view.WindowInsetsCompat$TypeImpl34: int toPlatformType(int)
androidx.compose.ui.text.internal.InlineClassHelperKt: java.lang.Void throwIllegalArgumentExceptionForNullCheck(java.lang.String)
androidx.compose.ui.focus.FocusStateImpl: androidx.compose.ui.focus.FocusStateImpl[] values()
androidx.compose.ui.state.ToggleableState: androidx.compose.ui.state.ToggleableState[] values()
androidx.core.view.WindowInsetsCompat$BuilderImpl36: WindowInsetsCompat$BuilderImpl36(androidx.core.view.WindowInsetsCompat)
androidx.compose.ui.text.internal.InlineClassHelperKt: java.lang.Void throwIllegalStateExceptionForNullCheck(java.lang.String)
androidx.window.reflection.JFunction2: java.lang.Object apply(java.lang.Object)
androidx.compose.ui.platform.AndroidComposeView: androidx.compose.ui.platform.AccessibilityManager getAccessibilityManager()
androidx.graphics.path.PathIteratorPreApi34Impl: int internalPathIteratorSize(long)
androidx.compose.ui.contentcapture.ContentCaptureEventType: androidx.compose.ui.contentcapture.ContentCaptureEventType[] values()
androidx.window.area.reflectionguard.WindowAreaComponentApi3Requirements: void addRearDisplayStatusListener(androidx.window.extensions.core.util.function.Consumer)
androidx.compose.ui.platform.ComposeView: java.lang.CharSequence getAccessibilityClassName()
androidx.core.view.WindowInsetsCompat$Impl29: WindowInsetsCompat$Impl29(androidx.core.view.WindowInsetsCompat,androidx.core.view.WindowInsetsCompat$Impl29)
kotlinx.coroutines.channels.BufferOverflow: kotlinx.coroutines.channels.BufferOverflow[] values()
androidx.compose.ui.platform.AndroidComposeView: androidx.compose.ui.text.font.FontFamily$Resolver getFontFamilyResolver()
androidx.core.view.WindowInsetsCompat$BuilderImpl29: void setSystemWindowInsets(androidx.core.graphics.Insets)