Projeto/app/build/outputs/mapping/release/mapping.txt
# compiler: R8
# compiler_version: 9.2.14
# min_api: 24
# common_typos_disable
# {"id":"com.android.tools.r8.mapping","version":"2.2"}
# pg_map_id: aa924f2a8a650db4daf10d5c70979fa6c475b4168791388774701b7fdd24db0a
# pg_map_hash: SHA-256 872dde9bbfee7ced10ece610b747099595a551d662e32a968c22e8d003d61f60
com.padm.d12x2.ComposableSingletons$DiceRollerScreenKt$$ExternalSyntheticLambda0 -> mc:
# {"id":"sourceFile","fileName":"R8$$SyntheticClass"}
# {"id":"com.android.tools.r8.synthesized"}
    int ComposableSingletons$DiceRollerScreenKt$$ExternalSyntheticLambda0.$r8$classId -> e
      # {"id":"com.android.tools.r8.synthesized"}
    1:7:void ComposableSingletons$DiceRollerScreenKt$$ExternalSyntheticLambda0.<init>():0:0 -> <init>
      # {"id":"com.android.tools.r8.synthesized"}
    8:8:void ComposableSingletons$DiceRollerScreenKt$$ExternalSyntheticLambda0.<init>(BoxMeasurePolicy$$ExternalSyntheticLambda0):0:0 -> <init>
      # {"id":"com.android.tools.r8.synthesized"}
      # {"id":"com.android.tools.r8.residualsignature","signature":"(Lx7;)V"}
    22:23:long androidx.compose.ui.input.pointer.PointerInputChange.getPosition-F1C5BW0():425:425 -> e
    22:23:kotlin.Unit androidx.compose.foundation.gestures.DragGestureDetectorKt.detectDragGestures$lambda$3(kotlin.jvm.functions.Function1,androidx.compose.ui.input.pointer.PointerInputChange,androidx.compose.ui.input.pointer.PointerInputChange,androidx.compose.ui.geometry.Offset):180 -> e
      # {"id":"com.android.tools.r8.rewriteFrame","conditions":["throws(Ljava/lang/NullPointerException;)"],"actions":["removeInnerFrames(1)"]}
    22:23:java.lang.Object ComposableSingletons$DiceRollerScreenKt$$ExternalSyntheticLambda0.invoke(java.lang.Object,java.lang.Object,java.lang.Object):0 -> e
      # {"id":"com.android.tools.r8.synthesized"}
com.padm.d12x2.DiceRollerScreenKt -> hh:
# {"id":"sourceFile","fileName":"DiceRollerScreen.kt"}
    androidx.compose.animation.core.CubicBezierEasing DiceEasing -> a
      # {"id":"com.android.tools.r8.residualsignature","signature":"Lgf;"}
    com.padm.d12x2.DieColors CrimsonDie -> b
      # {"id":"com.android.tools.r8.residualsignature","signature":"Lih;"}
    com.padm.d12x2.DieColors SapphireDie -> c
      # {"id":"com.android.tools.r8.residualsignature","signature":"Lih;"}
    float[][] VERTICES -> d
    int[][] FACES -> e
    int[] FACE_VALUES -> f
    float[][] FACE_TARGETS -> g
    1:15:void <clinit>():64:64 -> <clinit>
    16:22:void <clinit>():74:74 -> <clinit>
    23:31:void <clinit>():75:75 -> <clinit>
    32:40:void <clinit>():76:76 -> <clinit>
    41:49:void <clinit>():77:77 -> <clinit>
    50:53:void <clinit>():78:78 -> <clinit>
    54:58:void <clinit>():74:74 -> <clinit>
    59:65:void <clinit>():81:81 -> <clinit>
    66:74:void <clinit>():82:82 -> <clinit>
    75:83:void <clinit>():83:83 -> <clinit>
    84:92:void <clinit>():84:84 -> <clinit>
    93:96:void <clinit>():85:85 -> <clinit>
    97:103:void <clinit>():81:81 -> <clinit>
    104:116:void <clinit>():89:89 -> <clinit>
    117:121:void <clinit>():94:94 -> <clinit>
    122:126:void <clinit>():95:95 -> <clinit>
    127:131:void <clinit>():96:96 -> <clinit>
    132:136:void <clinit>():97:97 -> <clinit>
    137:141:void <clinit>():98:98 -> <clinit>
    142:146:void <clinit>():99:99 -> <clinit>
...
kotlin.collections.AbstractCollection -> n:
# {"id":"sourceFile","fileName":"AbstractCollection.kt"}
    int getSize() -> a
    1:8:boolean add(java.lang.Object):0:0 -> add
    1:8:boolean addAll(java.util.Collection):0:0 -> addAll
    1:8:void clear():0:0 -> clear
    1:8:boolean contains(java.lang.Object):51:51 -> contains
    9:22:boolean contains(java.lang.Object):52:52 -> contains
    23:31:boolean contains(java.lang.Object):19:19 -> contains
    4:5:boolean containsAll(java.util.Collection):22:22 -> containsAll
    6:15:boolean containsAll(java.util.Collection):54:54 -> containsAll
    16:29:boolean containsAll(java.util.Collection):55:55 -> containsAll
    30:39:boolean containsAll(java.util.Collection):22:22 -> containsAll
    1:10:int size():14:14 -> isEmpty
    1:10:boolean isEmpty():24 -> isEmpty
    1:8:boolean remove(java.lang.Object):0:0 -> remove
    1:8:boolean removeAll(java.util.Collection):0:0 -> removeAll
    1:8:boolean retainAll(java.util.Collection):0:0 -> retainAll
    1:5:int size():14:14 -> size
    4:8:java.lang.Object[] toArray(java.lang.Object[]):48:48 -> toArray
    9:9:java.lang.Object[] toArray():34:34 -> toArray
    1:17:java.lang.String toString():26:26 -> toString
kotlin.collections.AbstractCollection$$ExternalSyntheticLambda0 -> m:
# {"id":"sourceFile","fileName":"R8$$SyntheticClass"}
# {"id":"com.android.tools.r8.synthesized"}
    int AbstractCollection$$ExternalSyntheticLambda0.$r8$classId -> e
      # {"id":"com.android.tools.r8.synthesized"}
    kotlin.collections.AbstractCollection kotlin.collections.AbstractCollection$$InternalSyntheticLambda$1$28759260d93b6ac0eabbf2dfea3868b693cfd4794fca89a05954fe9c11118a3b$0.f$0 -> f
      # {"id":"com.android.tools.r8.residualsignature","signature":"Ljava/lang/Object;"}
      # {"id":"com.android.tools.r8.synthesized"}
    1:9:void AbstractCollection$$ExternalSyntheticLambda0.<init>(MutexImpl,MutexImpl$CancellableContinuationWithOwner):0:0 -> <init>
      # {"id":"com.android.tools.r8.synthesized"}
      # {"id":"com.android.tools.r8.residualsignature","signature":"(Lsz;Lrz;)V"}
    10:10:void AbstractCollection$$ExternalSyntheticLambda0.<init>(int,java.lang.Object):0:0 -> <init>
      # {"id":"com.android.tools.r8.synthesized"}
    11:12:kotlin.Unit androidx.compose.runtime.snapshots.SnapshotStateObserver.readObserver$lambda$0(androidx.compose.runtime.snapshots.SnapshotStateObserver,java.lang.Object):168:168 -> g
    11:12:java.lang.Object AbstractCollection$$ExternalSyntheticLambda0.invoke(java.lang.Object):0 -> g
      # {"id":"com.android.tools.r8.synthesized"}