Projeto/app/build/outputs/mapping/release/usage.txt
com.padm.d12x2.ComposableSingletons$DiceRollerScreenKt:
    private static kotlin.jvm.functions.Function2 lambda$-1082970766
    public final kotlin.jvm.functions.Function2 getLambda$-1082970766$app()
com.padm.d12x2.ComposableSingletons$MainActivityKt:
    public final kotlin.jvm.functions.Function2 getLambda$1898339946$app()
com.padm.d12x2.DiceRollerScreenKt:
    private static final float BASE_RX
    private static final float BASE_RY
    public static final void DiceRollerScreenPreview(androidx.compose.runtime.Composer,int)
    private static final kotlin.Unit DiceRollerScreenPreview$lambda$0(int,androidx.compose.runtime.Composer,int)
    public static final com.padm.d12x2.DieColors getCrimsonDie()
    public static final com.padm.d12x2.DieColors getSapphireDie()
com.padm.d12x2.DieColors:
    public static final int $stable
    public final long component1-0d7_KjU()
    public final long component2-0d7_KjU()
    public final long component3-0d7_KjU()
    public final long component4-0d7_KjU()
    public final com.padm.d12x2.DieColors copy-jRlVdoo(long,long,long,long)
    public static synthetic com.padm.d12x2.DieColors copy-jRlVdoo$default(com.padm.d12x2.DieColors,long,long,long,long,int,java.lang.Object)
com.padm.d12x2.MainActivity:
    public static final int $stable
com.padm.d12x2.R$drawable
com.padm.d12x2.R$mipmap
com.padm.d12x2.R$string
com.padm.d12x2.R$style
com.padm.d12x2.R
com.padm.d12x2.ComposableSingletons$DiceRollerScreenKt$$InternalSyntheticLambda$4$92cfbd029b517bd573845eedcca22fff6f370cdf83fec6ec4cbf4d3fb0a39e5e$1
com.padm.d12x2.ComposableSingletons$DiceRollerScreenKt:
    public static final com.padm.d12x2.ComposableSingletons$DiceRollerScreenKt INSTANCE
    public static kotlin.jvm.functions.Function3 getLambda$601653771$app()
com.padm.d12x2.ComposableSingletons$MainActivityKt:
    public static final com.padm.d12x2.ComposableSingletons$MainActivityKt INSTANCE
    public static kotlin.jvm.functions.Function2 getLambda$-584224182$app()
com.padm.d12x2.DiceRollerScreenKt$$InternalSyntheticLambda$2$01c78023d54aa1c33cfdc9018c94efea318d355a6fcd3af823e3f7023df5812f$1:
    public final synthetic int f$0
com.padm.d12x2.DiceRollerScreenKt$$InternalSyntheticLambda$4$65d00c03d0f880a352b3c349901a8246b879a51937663e595be7d5a83e956a81$2:
    public final synthetic int f$10
com.padm.d12x2.DiceRollerScreenKt$DiceRollerScreen$roll$1$j1$1:
    public final synthetic int $dur
    public final java.lang.Object invoke$3()
com.padm.d12x2.DiceRollerScreenKt$DiceRollerScreen$roll$1$j2$1:
    public final synthetic int $dur
    public final java.lang.Object invoke$3()
com.padm.d12x2.DiceRollerScreenKt$DiceRollerScreen$roll$1$j3$1:
    public final synthetic int $dur
    public final java.lang.Object invoke$3()
com.padm.d12x2.DiceRollerScreenKt$DiceRollerScreen$roll$1$j4$1:
    public final synthetic int $dur
    public final java.lang.Object invoke$3()
com.padm.d12x2.DiceRollerScreenKt$DiceRollerScreen$roll$1$j5$1:
    public final synthetic int $dur
    public final java.lang.Object invoke$3()
com.padm.d12x2.DiceRollerScreenKt$DiceRollerScreen$roll$1$j6$1:
    public final synthetic int $dur
    public final java.lang.Object invoke$3()
com.padm.d12x2.DiceRollerScreenKt$DiceRollerScreen$roll$1$p1$1:
    public final java.lang.Object invoke$3()
com.padm.d12x2.DiceRollerScreenKt$DiceRollerScreen$roll$1$p2$1:
    public final java.lang.Object invoke$3()
com.padm.d12x2.DiceRollerScreenKt$DiceRollerScreen$roll$1$sc$1:
    public final java.lang.Object invoke$3()
com.padm.d12x2.DiceRollerScreenKt$DiceRollerScreen$roll$1:
    public java.lang.Object L$1
    public final java.lang.Object invoke$3()
...
kotlin.KotlinVersion$Companion
kotlin.KotlinVersion
kotlin.KotlinVersionCurrentValue
kotlin.LateinitKt
kotlin.Lazy:
    public abstract boolean isInitialized()
kotlin.LazyKt:
    private void <init>()
kotlin.LazyKt__LazyJVMKt:
    public void <init>()
    public static final kotlin.Lazy lazy(java.lang.Object,kotlin.jvm.functions.Function0)
kotlin.LazyKt__LazyKt:
    public void <init>()
    private static final java.lang.Object getValue(kotlin.Lazy,java.lang.Object,kotlin.reflect.KProperty)
    public static final kotlin.Lazy lazyOf(java.lang.Object)
kotlin.LazyThreadSafetyMode:
    private static final synthetic kotlin.enums.EnumEntries $ENTRIES
    public static kotlin.enums.EnumEntries getEntries()
kotlin.Metadata$DefaultImpls
kotlin.Metadata
kotlin.MustUseReturnValues
kotlin.NoWhenBranchMatchedException:
    public void <init>(java.lang.String)
    public void <init>(java.lang.String,java.lang.Throwable)
    public void <init>(java.lang.Throwable)
kotlin.NotImplementedError:
    public void <init>()
    public synthetic void <init>(java.lang.String,int,kotlin.jvm.internal.DefaultConstructorMarker)
kotlin.NumbersKt
kotlin.NumbersKt__BigDecimalsKt
kotlin.NumbersKt__BigIntegersKt
kotlin.NumbersKt__FloorDivModKt
kotlin.NumbersKt__NumbersJVMKt
kotlin.NumbersKt__NumbersKt
kotlin.OptIn
kotlin.OptionalExpectation
kotlin.OverloadResolutionByLambdaReturnType
kotlin.Pair:
    public final kotlin.Pair copy(java.lang.Object,java.lang.Object)
    public static synthetic kotlin.Pair copy$default(kotlin.Pair,java.lang.Object,java.lang.Object,int,java.lang.Object)
kotlin.ParameterName
kotlin.PreconditionsKt
kotlin.PreconditionsKt__AssertionsJVMKt
kotlin.PreconditionsKt__PreconditionsKt
kotlin.PropertyReferenceDelegatesKt
kotlin.PublishedApi
kotlin.ReplaceWith:
    public abstract java.lang.String expression()
    public abstract java.lang.String[] imports()
kotlin.RequiresOptIn$Level
kotlin.RequiresOptIn
kotlin.Result$Companion:
    private final java.lang.Object failure(java.lang.Throwable)
    private final java.lang.Object success(java.lang.Object)
kotlin.Result:
    private final java.lang.Object value
    private synthetic void <init>(java.lang.Object)
    public static final synthetic kotlin.Result box-impl(java.lang.Object)
    public boolean equals(java.lang.Object)
    public static boolean equals-impl(java.lang.Object,java.lang.Object)
    public static final boolean equals-impl0(java.lang.Object,java.lang.Object)
    private static final java.lang.Object getOrNull-impl(java.lang.Object)
    public static synthetic void getValue$annotations()
    public int hashCode()
    public static int hashCode-impl(java.lang.Object)
    public static final boolean isSuccess-impl(java.lang.Object)
    public java.lang.String toString()
    public static java.lang.String toString-impl(java.lang.Object)
    public final synthetic java.lang.Object unbox-impl()